<?xml version="1.0" encoding="UTF-8"?>
<!-- Generated by org.testng.reporters.JUnitReportReporter -->
<testsuite hostname="DELL" failures="0" tests="1" name="com.api.tests.GetProfileAPITest" time="13.097" errors="0" timestamp="10 May 2025 06:40:26 GMT" skipped="0">
  <testcase classname="com.api.tests.GetProfileAPITest" name="getProfileTest" time="13.097"/>
</testsuite> <!-- com.api.tests.GetProfileAPITest -->
