<?xml version="1.0" encoding="UTF-8"?>
<!-- Generated by org.testng.reporters.JUnitReportReporter -->
<testsuite hostname="DELL" failures="0" tests="1" name="com.api.tests.ForgotPasswordAPITest" time="7.732" errors="0" timestamp="07 Apr 2025 16:37:04 GMT" skipped="0">
  <testcase classname="com.api.tests.ForgotPasswordAPITest" name="forgotPasswordTest" time="7.732"/>
</testsuite> <!-- com.api.tests.ForgotPasswordAPITest -->
