<?xml version="1.0" encoding="UTF-8"?>
<!-- Generated by org.testng.reporters.JUnitReportReporter -->
<testsuite hostname="DELL" failures="0" tests="1" name="com.api.tests.LoginAPITest" time="3.592" errors="0" timestamp="10 May 2025 08:58:26 GMT" skipped="0">
  <testcase classname="com.api.tests.LoginAPITest" name="loginTest" time="3.592"/>
</testsuite> <!-- com.api.tests.LoginAPITest -->
