<?xml version="1.0" encoding="UTF-8"?>
<!-- Generated by org.testng.reporters.JUnitReportReporter -->
<testsuite hostname="DELL" failures="0" tests="1" name="com.api.tests.SignUpAPITest" time="4.087" errors="0" timestamp="07 Apr 2025 11:06:04 GMT" skipped="0">
  <testcase classname="com.api.tests.SignUpAPITest" name="signUpTest" time="4.087"/>
</testsuite> <!-- com.api.tests.SignUpAPITest -->
