<?xml version="1.0" encoding="UTF-8"?>
<!-- Generated by org.testng.reporters.JUnitReportReporter -->
<testsuite hostname="DELL" failures="0" tests="1" name="com.api.tests.UpdateProfileAPITest" time="3.993" errors="0" timestamp="10 May 2025 09:05:48 GMT" skipped="0">
  <testcase classname="com.api.tests.UpdateProfileAPITest" name="UpdateProfileTest" time="3.993"/>
</testsuite> <!-- com.api.tests.UpdateProfileAPITest -->
