<?xml version="1.0" encoding="UTF-8"?>
<!-- Generated by org.testng.reporters.JUnitReportReporter -->
<testsuite hostname="DELL" failures="0" tests="1" name="com.api.tests.LoginAPITest" time="3.598" errors="0" timestamp="12 May 2025 15:22:37 GMT" skipped="0">
  <testcase classname="com.api.tests.LoginAPITest" name="loginTest" time="3.598"/>
</testsuite> <!-- com.api.tests.LoginAPITest -->
